<?xml version="1.0" encoding="UTF-8"?>
<!-- Generated by org.testng.reporters.JUnitReportReporter -->
<testsuite hostname="LTIN509369" failures="0" tests="9" name="TestngGrouping" time="0.030" errors="0" timestamp="2024-03-25T11:56:22 IST" skipped="0">
  <testcase classname="TestngGrouping" name="loginByEmail" time="0.011"/>
  <testcase classname="TestngGrouping" name="signByEmail" time="0.002"/>
  <testcase classname="TestngGrouping" name="loginByFacebook" time="0.002"/>
  <testcase classname="TestngGrouping" name="signByFacebook" time="0.004"/>
  <testcase classname="TestngGrouping" name="loginByTwitter" time="0.004"/>
  <testcase classname="TestngGrouping" name="signByTwitter" time="0.002"/>
  <testcase classname="TestngGrouping" name="payementByruppees" time="0.002"/>
  <testcase classname="TestngGrouping" name="payementBydollar" time="0.002"/>
  <testcase classname="TestngGrouping" name="payementReturnByBank" time="0.001"/>
</testsuite> <!-- TestngGrouping -->
