<?xml version="1.0" encoding="UTF-8"?>
<!-- Generated by org.testng.reporters.JUnitReportReporter -->
<testsuite hostname="LTIN509369" failures="0" tests="5" name="mypackage1.OnlineMobileSearchTest" time="6.109" errors="0" timestamp="2024-03-13T10:53:52 IST" skipped="0">
  <testcase classname="mypackage1.OnlineMobileSearchTest" name="testSearch" time="3.889"/>
  <testcase classname="mypackage1.OnlineMobileSearchTest" name="testSearchResult" time="0.350"/>
  <testcase classname="mypackage1.OnlineMobileSearchTest" name="testSortList" time="0.415"/>
  <testcase classname="mypackage1.OnlineMobileSearchTest" name="testSelectedOption" time="0.115"/>
  <testcase classname="mypackage1.OnlineMobileSearchTest" name="testScreenshot" time="1.340"/>
</testsuite> <!-- mypackage1.OnlineMobileSearchTest -->
