<?xml version="1.0" encoding="UTF-8"?>
<!-- Generated by org.testng.reporters.JUnitReportReporter -->
<testsuite hostname="LTIN509369" failures="0" tests="2" name="mypackage1.testNgParallelTesting" time="5.063" errors="0" timestamp="2024-03-27T09:03:02 IST" skipped="0">
  <testcase classname="mypackage1.testNgParallelTesting" name="testImage" time="5.052"/>
  <testcase classname="mypackage1.testNgParallelTesting" name="testTitle" time="0.011"/>
</testsuite> <!-- mypackage1.testNgParallelTesting -->
